{"total": {"lines":{"total":5054,"covered":1367,"skipped":0,"pct":27.04},"statements":{"total":5054,"covered":1367,"skipped":0,"pct":27.04},"functions":{"total":45,"covered":8,"skipped":0,"pct":17.77},"branches":{"total":106,"covered":86,"skipped":0,"pct":81.13},"branchesTrue":{"total":0,"covered":0,"skipped":0,"pct":"Unknown"}}
,"/Users/juanson/Documents/Vertex/Vertex Projects/vertex-platform/functions/src/admin.ts": {"lines":{"total":205,"covered":0,"skipped":0,"pct":0},"functions":{"total":1,"covered":0,"skipped":0,"pct":0},"statements":{"total":205,"covered":0,"skipped":0,"pct":0},"branches":{"total":1,"covered":0,"skipped":0,"pct":0}}
,"/Users/juanson/Documents/Vertex/Vertex Projects/vertex-platform/functions/src/billing.ts": {"lines":{"total":147,"covered":0,"skipped":0,"pct":0},"functions":{"total":1,"covered":0,"skipped":0,"pct":0},"statements":{"total":147,"covered":0,"skipped":0,"pct":0},"branches":{"total":1,"covered":0,"skipped":0,"pct":0}}
,"/Users/juanson/Documents/Vertex/Vertex Projects/vertex-platform/functions/src/github.ts": {"lines":{"total":79,"covered":0,"skipped":0,"pct":0},"functions":{"total":1,"covered":0,"skipped":0,"pct":0},"statements":{"total":79,"covered":0,"skipped":0,"pct":0},"branches":{"total":1,"covered":0,"skipped":0,"pct":0}}
,"/Users/juanson/Documents/Vertex/Vertex Projects/vertex-platform/functions/src/helpers.ts": {"lines":{"total":210,"covered":56,"skipped":0,"pct":26.66},"functions":{"total":10,"covered":2,"skipped":0,"pct":20},"statements":{"total":210,"covered":56,"skipped":0,"pct":26.66},"branches":{"total":15,"covered":15,"skipped":0,"pct":100}}
,"/Users/juanson/Documents/Vertex/Vertex Projects/vertex-platform/functions/src/index.ts": {"lines":{"total":10,"covered":0,"skipped":0,"pct":0},"functions":{"total":1,"covered":0,"skipped":0,"pct":0},"statements":{"total":10,"covered":0,"skipped":0,"pct":0},"branches":{"total":1,"covered":0,"skipped":0,"pct":0}}
,"/Users/juanson/Documents/Vertex/Vertex Projects/vertex-platform/functions/src/monitoring.ts": {"lines":{"total":24,"covered":0,"skipped":0,"pct":0},"functions":{"total":1,"covered":0,"skipped":0,"pct":0},"statements":{"total":24,"covered":0,"skipped":0,"pct":0},"branches":{"total":1,"covered":0,"skipped":0,"pct":0}}
,"/Users/juanson/Documents/Vertex/Vertex Projects/vertex-platform/functions/src/provisioning.ts": {"lines":{"total":1207,"covered":154,"skipped":0,"pct":12.75},"functions":{"total":1,"covered":0,"skipped":0,"pct":0},"statements":{"total":1207,"covered":154,"skipped":0,"pct":12.75},"branches":{"total":43,"covered":41,"skipped":0,"pct":95.34}}
,"/Users/juanson/Documents/Vertex/Vertex Projects/vertex-platform/functions/src/runtime.ts": {"lines":{"total":119,"covered":108,"skipped":0,"pct":90.75},"functions":{"total":3,"covered":3,"skipped":0,"pct":100},"statements":{"total":119,"covered":108,"skipped":0,"pct":90.75},"branches":{"total":27,"covered":21,"skipped":0,"pct":77.77}}
,"/Users/juanson/Documents/Vertex/Vertex Projects/vertex-platform/functions/src/seeds.ts": {"lines":{"total":1608,"covered":930,"skipped":0,"pct":57.83},"functions":{"total":8,"covered":1,"skipped":0,"pct":12.5},"statements":{"total":1608,"covered":930,"skipped":0,"pct":57.83},"branches":{"total":1,"covered":1,"skipped":0,"pct":100}}
,"/Users/juanson/Documents/Vertex/Vertex Projects/vertex-platform/functions/src/stores.ts": {"lines":{"total":1288,"covered":119,"skipped":0,"pct":9.23},"functions":{"total":17,"covered":2,"skipped":0,"pct":11.76},"statements":{"total":1288,"covered":119,"skipped":0,"pct":9.23},"branches":{"total":14,"covered":8,"skipped":0,"pct":57.14}}
,"/Users/juanson/Documents/Vertex/Vertex Projects/vertex-platform/functions/src/versioning.ts": {"lines":{"total":157,"covered":0,"skipped":0,"pct":0},"functions":{"total":1,"covered":0,"skipped":0,"pct":0},"statements":{"total":157,"covered":0,"skipped":0,"pct":0},"branches":{"total":1,"covered":0,"skipped":0,"pct":0}}
}
