{"total": {"lines":{"total":119,"covered":108,"skipped":0,"pct":90.75},"statements":{"total":119,"covered":108,"skipped":0,"pct":90.75},"functions":{"total":3,"covered":3,"skipped":0,"pct":100},"branches":{"total":27,"covered":21,"skipped":0,"pct":77.77},"branchesTrue":{"total":0,"covered":0,"skipped":0,"pct":"Unknown"}}
,"/Users/juanson/Documents/Vertex/Vertex Projects/vertex-platform/functions/src/runtime.ts": {"lines":{"total":119,"covered":108,"skipped":0,"pct":90.75},"functions":{"total":3,"covered":3,"skipped":0,"pct":100},"statements":{"total":119,"covered":108,"skipped":0,"pct":90.75},"branches":{"total":27,"covered":21,"skipped":0,"pct":77.77}}
}
