TN:
SF:src/runtime.ts
FN:30,resolvePlatformEnvironment
FN:34,getAvailableShardSlots
FN:40,summarizeShardCapacity
FNF:3
FNH:3
FNDA:11,resolvePlatformEnvironment
FNDA:9,getAvailableShardSlots
FNDA:4,summarizeShardCapacity
DA:1,1
DA:30,1
DA:31,11
DA:32,11
DA:34,1
DA:35,9
DA:36,9
DA:37,9
DA:38,9
DA:40,1
DA:41,4
DA:42,4
DA:43,4
DA:44,4
DA:45,4
DA:46,6
DA:47,6
DA:48,6
DA:49,6
DA:50,6
DA:51,6
DA:52,6
DA:53,6
DA:54,6
DA:55,6
DA:56,6
DA:57,6
DA:58,6
DA:59,4
DA:60,4
DA:61,3
DA:62,3
DA:63,3
DA:64,0
DA:65,0
DA:66,1
DA:67,4
DA:69,4
DA:70,4
DA:71,4
DA:72,4
DA:73,4
DA:74,4
DA:76,4
DA:77,4
DA:78,4
DA:79,4
DA:80,4
DA:81,4
DA:82,4
DA:83,4
DA:84,4
DA:86,1
DA:87,1
DA:88,1
DA:89,1
DA:90,1
DA:91,1
DA:93,1
DA:95,1
DA:96,1
DA:97,1
DA:98,1
DA:99,1
DA:102,1
DA:103,1
DA:104,3
DA:105,3
DA:106,3
DA:107,3
DA:108,3
DA:111,1
DA:112,1
DA:114,1
DA:115,2
DA:116,2
DA:117,2
DA:119,2
DA:120,1
DA:121,1
DA:122,1
DA:125,1
DA:126,1
DA:127,1
DA:128,1
DA:131,1
DA:132,1
DA:133,1
DA:134,1
DA:135,1
DA:136,1
DA:137,1
DA:138,1
DA:139,1
DA:140,1
DA:141,1
DA:143,1
DA:144,1
DA:145,2
DA:147,1
DA:148,1
DA:149,1
DA:152,1
DA:153,1
DA:154,1
DA:155,1
DA:156,1
DA:157,1
DA:158,1
DA:159,0
DA:160,0
DA:162,0
DA:163,0
DA:164,0
DA:165,0
DA:166,0
DA:167,0
DA:168,0
DA:169,1
LF:119
LH:108
BRDA:30,0,0,11
BRDA:31,1,0,6
BRDA:31,2,0,5
BRDA:34,3,0,9
BRDA:40,4,0,4
BRDA:81,5,0,2
BRDA:81,6,0,2
BRDA:45,7,0,6
BRDA:57,8,0,0
BRDA:60,9,0,3
BRDA:61,10,0,1
BRDA:61,11,0,0
BRDA:62,12,0,2
BRDA:62,13,0,1
BRDA:63,14,0,0
BRDA:65,15,0,1
BRDA:70,16,0,6
BRDA:73,17,0,6
BRDA:74,18,0,4
BRDA:89,19,0,1
BRDA:103,20,0,3
BRDA:106,21,0,2
BRDA:114,22,0,2
BRDA:116,23,0,0
BRDA:117,24,0,0
BRDA:119,25,0,1
BRDA:158,26,0,0
BRF:27
BRH:21
end_of_record
